<?xml version="1.0" encoding="UTF-8"?>
<!-- Generated by org.testng.reporters.JUnitXMLReporter -->
<testsuite ignored="0" hostname="DESKTOP-UNI5N3E" failures="0" tests="4" name="Default test" time="12.207" errors="0" timestamp="2024-11-09T23:28:29 IST">
  <testcase classname="api.test.UsersTests" name="testPostUser" time="5.502"/>
  <testcase classname="api.test.UsersTests" name="testGetUserbyName" time="1.305"/>
  <testcase classname="api.test.UsersTests" name="testUpdateUserByName" time="2.746"/>
  <testcase classname="api.test.UsersTests" name="testDeleteUserByName" time="1.192"/>
</testsuite> <!-- Default test -->
