<?xml version="1.0" encoding="UTF-8"?>
<testng-results ignored="0" total="4" passed="4" failed="0" skipped="0">
  <reporter-output>
  </reporter-output>
  <suite started-at="2024-11-09T23:28:17 IST" name="Default suite" finished-at="2024-11-09T23:28:29 IST" duration-ms="12207">
    <groups>
    </groups>
    <test started-at="2024-11-09T23:28:17 IST" name="Default test" finished-at="2024-11-09T23:28:29 IST" duration-ms="12207">
      <class name="api.test.UsersTests">
        <test-method is-config="true" signature="setupData()[pri:0, instance:api.test.UsersTests@909217e]" started-at="2024-11-09T23:28:17 IST" name="setupData" finished-at="2024-11-09T23:28:19 IST" duration-ms="1347" status="PASS">
          <reporter-output>
          </reporter-output>
        </test-method> <!-- setupData -->
        <test-method signature="testPostUser()[pri:1, instance:api.test.UsersTests@909217e]" started-at="2024-11-09T23:28:19 IST" name="testPostUser" finished-at="2024-11-09T23:28:24 IST" duration-ms="5502" status="PASS">
          <reporter-output>
          </reporter-output>
        </test-method> <!-- testPostUser -->
        <test-method signature="testGetUserbyName()[pri:2, instance:api.test.UsersTests@909217e]" started-at="2024-11-09T23:28:24 IST" name="testGetUserbyName" finished-at="2024-11-09T23:28:25 IST" duration-ms="1305" status="PASS">
          <reporter-output>
          </reporter-output>
        </test-method> <!-- testGetUserbyName -->
        <test-method signature="testUpdateUserByName()[pri:3, instance:api.test.UsersTests@909217e]" started-at="2024-11-09T23:28:25 IST" name="testUpdateUserByName" finished-at="2024-11-09T23:28:28 IST" duration-ms="2746" status="PASS">
          <reporter-output>
          </reporter-output>
        </test-method> <!-- testUpdateUserByName -->
        <test-method signature="testDeleteUserByName()[pri:4, instance:api.test.UsersTests@909217e]" started-at="2024-11-09T23:28:28 IST" name="testDeleteUserByName" finished-at="2024-11-09T23:28:29 IST" duration-ms="1192" status="PASS">
          <reporter-output>
          </reporter-output>
        </test-method> <!-- testDeleteUserByName -->
      </class> <!-- api.test.UsersTests -->
    </test> <!-- Default test -->
  </suite> <!-- Default suite -->
</testng-results>
